<?xml version="1.0" encoding="UTF-8"?>
<testng-results ignored="0" total="1" passed="1" failed="0" skipped="0">
  <reporter-output>
  </reporter-output>
  <suite started-at="2024-12-17T12:16:31 IST" name="Default suite" finished-at="2024-12-17T12:16:35 IST" duration-ms="4277">
    <groups>
    </groups>
    <test started-at="2024-12-17T12:16:31 IST" name="Default test" finished-at="2024-12-17T12:16:35 IST" duration-ms="4277">
      <class name="testClasses.ManageProductPageTestClass">
        <test-method is-config="true" signature="createExtentReport()[pri:0, instance:testClasses.ManageProductPageTestClass@10683d9d]" started-at="2024-12-17T12:16:31 IST" name="createExtentReport" finished-at="2024-12-17T12:16:31 IST" duration-ms="208" status="PASS">
          <reporter-output>
          </reporter-output>
        </test-method> <!-- createExtentReport -->
        <test-method is-config="true" signature="beforeMethod()[pri:0, instance:testClasses.ManageProductPageTestClass@10683d9d]" started-at="2024-12-17T12:16:31 IST" name="beforeMethod" finished-at="2024-12-17T12:16:34 IST" duration-ms="2345" status="PASS">
          <reporter-output>
          </reporter-output>
        </test-method> <!-- beforeMethod -->
        <test-method signature="verifyTheTitleTextboxIsEmptyByDefault(java.lang.String,java.lang.String)[pri:0, instance:testClasses.ManageProductPageTestClass@10683d9d]" started-at="2024-12-17T12:16:34 IST" name="verifyTheTitleTextboxIsEmptyByDefault" data-provider="successfulLogin" finished-at="2024-12-17T12:16:35 IST" duration-ms="1140" status="PASS">
          <params>
            <param index="0">
              <value>
                <![CDATA[admin]]>
              </value>
            </param>
            <param index="1">
              <value>
                <![CDATA[admin]]>
              </value>
            </param>
          </params>
          <reporter-output>
          </reporter-output>
        </test-method> <!-- verifyTheTitleTextboxIsEmptyByDefault -->
        <test-method is-config="true" signature="afterMethod(org.testng.ITestResult)[pri:0, instance:testClasses.ManageProductPageTestClass@10683d9d]" started-at="2024-12-17T12:16:35 IST" name="afterMethod" finished-at="2024-12-17T12:16:35 IST" duration-ms="140" status="PASS">
          <params>
            <param index="0">
              <value>
                <![CDATA[[TestResult name=verifyTheTitleTextboxIsEmptyByDefault status=SUCCESS method=ManageProductPageTestClass.verifyTheTitleTextboxIsEmptyByDefault(java.lang.String,java.lang.String)[pri:0, instance:testClasses.ManageProductPageTestClass@10683d9d] output={null}]]]>
              </value>
            </param>
          </params>
          <reporter-output>
          </reporter-output>
        </test-method> <!-- afterMethod -->
      </class> <!-- testClasses.ManageProductPageTestClass -->
    </test> <!-- Default test -->
  </suite> <!-- Default suite -->
</testng-results>
