<?xml version="1.0" encoding="UTF-8"?>
<!-- Generated by org.testng.reporters.JUnitXMLReporter -->
<testsuite ignored="3" hostname="WIN-1ECEEGQU3IH" failures="0" tests="1" name="Default test" time="4.277" errors="0" timestamp="2024-12-17T12:16:35 IST">
  <testcase classname="testClasses.ManageProductPageTestClass" name="verifyTheTitleTextboxIsEmptyByDefault" time="1.14"/>
  <testcase classname="testClasses.ManageProductPageTestClass" name="verifyManageProductpageisopenwhileclickingonManageProduct" time="0.0">
    <ignored/>
  </testcase> <!-- verifyManageProductpageisopenwhileclickingonManageProduct -->
  <testcase classname="testClasses.ManageProductPageTestClass" name="verifysearchprduct" time="0.0">
    <ignored/>
  </testcase> <!-- verifysearchprduct -->
  <testcase classname="testClasses.ManageProductPageTestClass" name="verifyToEnterTitlesIntoTitleTextbox" time="0.0">
    <ignored/>
  </testcase> <!-- verifyToEnterTitlesIntoTitleTextbox -->
</testsuite> <!-- Default test -->
